<?xml version="1.0" encoding="UTF-8"?>
<testng-results skipped="0" failed="0" ignored="0" total="2" passed="2">
  <reporter-output>
  </reporter-output>
  <suite name="OpencartSuite" duration-ms="11568" started-at="2022-04-03T21:35:26 CDT" finished-at="2022-04-03T21:35:38 CDT">
    <groups>
      <group name="regression">
        <method signature="TC_001_AccountRegistration.test_account_Registration()[pri:0, instance:testCases.TC_001_AccountRegistration@462d5aee]" name="test_account_Registration" class="testCases.TC_001_AccountRegistration"/>
      </group> <!-- regression -->
      <group name="sanity">
        <method signature="TC2_002_Login.test_Login()[pri:0, instance:testCases.TC2_002_Login@2db7a79b]" name="test_Login" class="testCases.TC2_002_Login"/>
      </group> <!-- sanity -->
      <group name="master">
        <method signature="TC2_002_Login.test_Login()[pri:0, instance:testCases.TC2_002_Login@2db7a79b]" name="test_Login" class="testCases.TC2_002_Login"/>
        <method signature="TC_001_AccountRegistration.test_account_Registration()[pri:0, instance:testCases.TC_001_AccountRegistration@462d5aee]" name="test_account_Registration" class="testCases.TC_001_AccountRegistration"/>
      </group> <!-- master -->
    </groups>
    <test name="OpencartTests" duration-ms="11568" started-at="2022-04-03T21:35:26 CDT" finished-at="2022-04-03T21:35:38 CDT">
      <class name="testCases.TC2_002_Login">
        <test-method status="PASS" signature="setUp(java.lang.String)[pri:0, instance:testCases.TC2_002_Login@2db7a79b]" name="setUp" is-config="true" duration-ms="1026" started-at="2022-04-03T21:35:33 CDT" finished-at="2022-04-03T21:35:34 CDT">
          <params>
            <param index="0">
              <value>
                <![CDATA[chrome]]>
              </value>
            </param>
          </params>
          <reporter-output>
          </reporter-output>
        </test-method> <!-- setUp -->
        <test-method status="PASS" signature="test_Login()[pri:0, instance:testCases.TC2_002_Login@2db7a79b]" name="test_Login" duration-ms="3005" started-at="2022-04-03T21:35:34 CDT" finished-at="2022-04-03T21:35:37 CDT">
          <reporter-output>
          </reporter-output>
        </test-method> <!-- test_Login -->
        <test-method status="PASS" signature="tearDown()[pri:0, instance:testCases.TC2_002_Login@2db7a79b]" name="tearDown" is-config="true" duration-ms="620" started-at="2022-04-03T21:35:37 CDT" finished-at="2022-04-03T21:35:38 CDT">
          <reporter-output>
          </reporter-output>
        </test-method> <!-- tearDown -->
      </class> <!-- testCases.TC2_002_Login -->
      <class name="testCases.TC_001_AccountRegistration">
        <test-method status="PASS" signature="setUp(java.lang.String)[pri:0, instance:testCases.TC_001_AccountRegistration@462d5aee]" name="setUp" is-config="true" duration-ms="3112" started-at="2022-04-03T21:35:27 CDT" finished-at="2022-04-03T21:35:30 CDT">
          <params>
            <param index="0">
              <value>
                <![CDATA[chrome]]>
              </value>
            </param>
          </params>
          <reporter-output>
          </reporter-output>
        </test-method> <!-- setUp -->
        <test-method status="PASS" signature="test_account_Registration()[pri:0, instance:testCases.TC_001_AccountRegistration@462d5aee]" name="test_account_Registration" duration-ms="3025" started-at="2022-04-03T21:35:30 CDT" finished-at="2022-04-03T21:35:33 CDT">
          <reporter-output>
          </reporter-output>
        </test-method> <!-- test_account_Registration -->
        <test-method status="PASS" signature="tearDown()[pri:0, instance:testCases.TC_001_AccountRegistration@462d5aee]" name="tearDown" is-config="true" duration-ms="619" started-at="2022-04-03T21:35:33 CDT" finished-at="2022-04-03T21:35:33 CDT">
          <reporter-output>
          </reporter-output>
        </test-method> <!-- tearDown -->
      </class> <!-- testCases.TC_001_AccountRegistration -->
    </test> <!-- OpencartTests -->
  </suite> <!-- OpencartSuite -->
</testng-results>
